--------------- Build Started: 08/28/2015 11:10:16 Project: ADC_LCD, Configuration: DP8051 Keil 9.03 Debug ---------------
The code generation step is up to date.
c51.exe .\main.c NOIV LARGE MODDP2 OMF2 VB(1) PR(.\DP8051\DP8051_Keil_903\Debug\main.lst) CD DB NOIP "OT(2, Size)" INCDIR(Generated_Source\PSoC3) OJ(.\DP8051\DP8051_Keil_903\Debug\main.obj)
LIBX51.exe TRANSFER '.\DP8051\DP8051_Keil_903\Debug\ADC_DelSig_1.obj', '.\DP8051\DP8051_Keil_903\Debug\ADC_DelSig_1_PM.obj', '.\DP8051\DP8051_Keil_903\Debug\ADC_DelSig_1_INT.obj', '.\DP8051\DP8051_Keil_903\Debug\LCD_Char_1.obj', '.\DP8051\DP8051_Keil_903\Debug\LCD_Char_1_PM.obj', '.\DP8051\DP8051_Keil_903\Debug\ADC_DelSig_1_Ext_CP_Clk.obj', '.\DP8051\DP8051_Keil_903\Debug\ADC_DelSig_1_theACLK.obj', '.\DP8051\DP8051_Keil_903\Debug\LCD_Char_1_LCDPort.obj', '.\DP8051\DP8051_Keil_903\Debug\CyBootAsmKeil.obj', '.\DP8051\DP8051_Keil_903\Debug\CyDmac.obj', '.\DP8051\DP8051_Keil_903\Debug\CyFlash.obj', '.\DP8051\DP8051_Keil_903\Debug\CyLib.obj', '.\DP8051\DP8051_Keil_903\Debug\cymem.obj', '.\DP8051\DP8051_Keil_903\Debug\cyPm.obj', '.\DP8051\DP8051_Keil_903\Debug\CySpc.obj', '.\DP8051\DP8051_Keil_903\Debug\cyutils.obj', '.\DP8051\DP8051_Keil_903\Debug\KeilStart.obj', '.\DP8051\DP8051_Keil_903\Debug\ADC_DelSig_1_AMux.obj', '.\DP8051\DP8051_Keil_903\Debug\CapSense.obj', '.\DP8051\DP8051_Keil_903\Debug\CapSense_CSHL.obj', '.\DP8051\DP8051_Keil_903\Debug\CapSense_INT.obj', '.\DP8051\DP8051_Keil_903\Debug\CapSense_Pins.obj', '.\DP8051\DP8051_Keil_903\Debug\CapSense_PM.obj', '.\DP8051\DP8051_Keil_903\Debug\CapSense_SMS_Wrapper.obj', '.\DP8051\DP8051_Keil_903\Debug\CapSense_TunerHelper.obj', '.\DP8051\DP8051_Keil_903\Debug\CapSense_IntClock.obj', '.\DP8051\DP8051_Keil_903\Debug\CapSense_CompCH0.obj', '.\DP8051\DP8051_Keil_903\Debug\CapSense_CompCH0_PM.obj', '.\DP8051\DP8051_Keil_903\Debug\CapSense_AMuxCH0.obj', '.\DP8051\DP8051_Keil_903\Debug\PWM_1.obj', '.\DP8051\DP8051_Keil_903\Debug\PWM_1_PM.obj', '.\DP8051\DP8051_Keil_903\Debug\Clock_1.obj', '.\DP8051\DP8051_Keil_903\Debug\COLD.obj', '.\DP8051\DP8051_Keil_903\Debug\cyfitter_cfg.obj' TO '.\DP8051\DP8051_Keil_903\Debug\ADC_LCD.lib'
LX51.exe '.\DP8051\DP8051_Keil_903\Debug\main.obj', '.\DP8051\DP8051_Keil_903\Debug\ADC_LCD.lib', 'C:\Program Files (x86)\Cypress\PSoC Creator\2.0\PSoC Creator\psoc\content\cycomponentlibrary\CyComponentLibrary.cylib\DP8051\DP8051_Keil_903\Debug\CyComponentLibrary.lib'  TO '.\DP8051\DP8051_Keil_903\Debug\ADC_LCD.omf' PR(.\DP8051\DP8051_Keil_903\Debug\ADC_LCD.map) IX CODE DW(16) RU CL(XDATA(X:0x0000-X:0x1FFF)) CL(CODE(C:0x0000-C:0xFFFF)) CL(CONST(C:0x0000-C:0xFFFF)) CASE
*** WARNING L15: MULTIPLE CALL TO FUNCTION
    NAME:    _CAPSENSE_DISABLESENSOR/CAPSENSE
    CALLER1: ?C_C51STARTUP
    CALLER2: CAPSENSE_ISRCH0_ISR/CAPSENSE_INT
*** WARNING L15: MULTIPLE CALL TO FUNCTION
    NAME:    _CAPSENSE_AMUXCH0_UNSET/CYFITTER_CFG
    CALLER1: ?C_C51STARTUP
    CALLER2: CAPSENSE_ISRCH0_ISR/CAPSENSE_INT
*** WARNING L15: MULTIPLE CALL TO FUNCTION
    NAME:    _CAPSENSE_IDACCH0_SETVALUE/CAPSENSE
    CALLER1: ?C_C51STARTUP
    CALLER2: CAPSENSE_ISRCH0_ISR/CAPSENSE_INT
*** WARNING L15: MULTIPLE CALL TO FUNCTION
    NAME:    _CAPSENSE_FINDNEXTSENSOR/CAPSENSE
    CALLER1: ?C_C51STARTUP
    CALLER2: CAPSENSE_ISRCH0_ISR/CAPSENSE_INT
*** WARNING L15: MULTIPLE CALL TO FUNCTION
    NAME:    _CAPSENSE_PRESCAN/CAPSENSE
    CALLER1: ?C_C51STARTUP
    CALLER2: CAPSENSE_ISRCH0_ISR/CAPSENSE_INT
*** WARNING L15: MULTIPLE CALL TO FUNCTION
    NAME:    _CAPSENSE_SETSCANSLOTSETTINGS/CAPSENSE
    CALLER1: ?C_C51STARTUP
    CALLER2: CAPSENSE_ISRCH0_ISR/CAPSENSE_INT
*** WARNING L15: MULTIPLE CALL TO FUNCTION
    NAME:    _CAPSENSE_SETPRESCALER/CAPSENSE
    CALLER1: ?C_C51STARTUP
    CALLER2: CAPSENSE_ISRCH0_ISR/CAPSENSE_INT
*** WARNING L15: MULTIPLE CALL TO FUNCTION
    NAME:    _CAPSENSE_ENABLESENSOR/CAPSENSE
    CALLER1: ?C_C51STARTUP
    CALLER2: CAPSENSE_ISRCH0_ISR/CAPSENSE_INT
*** WARNING L15: MULTIPLE CALL TO FUNCTION
    NAME:    _CAPSENSE_AMUXCH0_SET/CYFITTER_CFG
    CALLER1: ?C_C51STARTUP
    CALLER2: CAPSENSE_ISRCH0_ISR/CAPSENSE_INT
Program Size: data=11.0 xdata=239 const=674 code=14270
cyp3isrpatcher.exe .\DP8051\DP8051_Keil_903\Debug\ADC_LCD.omf
OHx51.exe ADC_LCD.omf HEXFILE(ADC_LCD.ihx)
c8051-elf-omf2elf.exe ADC_LCD.omf ADC_LCD.elf
cyhextool -o .\DP8051\DP8051_Keil_903\Debug\ADC_LCD.hex -f .\DP8051\DP8051_Keil_903\Debug\ADC_LCD.ihx -prot .\Generated_Source\PSoC3\protect.hex -id E028069 -a EEPROM=90200000:800,PROGRAM=00000000:10000,CONFIG=80000000:2000,PROTECT=90400000:40 -meta 0101 -cunv 00000005 -wonv AFAC90BC -ecc .\Generated_Source\PSoC3\config.hex
Flash used: 14944 of 65536 bytes (22.8 %).
SRAM used: 239 of 8192 bytes (2.9 %).
--------------- Build Succeeded: 08/28/2015 11:10:18 ---------------
