C51 COMPILER V9.03   CAPSENSE_PINS                                                         08/28/2015 10:18:32 PAGE 1   


C51 COMPILER V9.03, COMPILATION OF MODULE CAPSENSE_PINS
OBJECT MODULE PLACED IN .\DP8051\DP8051_Keil_903\Debug\CapSense_Pins.obj
COMPILER INVOKED BY: C:\Program Files (x86)\Cypress\PSoC Creator\2.0\PSoC Creator\import\keil\pk51\9.03\C51\BIN\c51.exe 
                    -.\Generated_Source\PSoC3\CapSense_Pins.c NOIV LARGE MODDP2 OMF2 VB(1) PR(.\DP8051\DP8051_Keil_903\Debug\CapSense_Pins.ls
                    -t) CD DB NOIP OT(2,SIZE) INCDIR(Generated_Source\PSoC3) OJ(.\DP8051\DP8051_Keil_903\Debug\CapSense_Pins.obj)

line level    source

   1          /*******************************************************************************
   2          * File Name: CapSense_Pins.c
   3          * Version 3.10
   4          *
   5          * Description:
   6          *  This file contains API to enable firmware control of a Pins component.
   7          *
   8          * Note:
   9          *
  10          ********************************************************************************
  11          * Copyright 2008-2011, Cypress Semiconductor Corporation.  All rights reserved.
  12          * You may use this file only in accordance with the license, terms, conditions,
  13          * disclaimers, and limitations in the end user license agreement accompanying
  14          * the software package with which this file was provided.
  15          *******************************************************************************/
  16          
  17          #include "CapSense_Pins.h"
  18          
  19          
  20          /*******************************************************************************
  21          * Function Name: CapSense_SetAllSensorsDriveMode
  22          ********************************************************************************
  23          *
  24          * Summary:
  25          *  Sets the drive mode for the all pins used by capacitive sensors within 
  26          *  CapSense component.
  27          * 
  28          * Parameters:  
  29          *  mode: Desired drive mode.
  30          *
  31          * Return: 
  32          *  None
  33          *
  34          *******************************************************************************/
  35          void CapSense_SetAllSensorsDriveMode(uint8 mode) 
  36          {
  37   1          /* Set pins drive mode */
  38   1          CyPins_SetPinDriveMode(CapSense_PortCH0__Button0__BTN, mode);
  39   1          CyPins_SetPinDriveMode(CapSense_PortCH0__Button1__BTN, mode);
  40   1      
  41   1      }
  42          
  43          
  44          
  45          /*******************************************************************************
  46          * Function Name: CapSense_SetAllCmodsDriveMode
  47          ********************************************************************************
  48          *
  49          * Summary:
  50          *  Sets the drive mode for the all pins used by Cmod capacitors within CapSense 
  51          *  component.
  52          * 
  53          * Parameters:  
C51 COMPILER V9.03   CAPSENSE_PINS                                                         08/28/2015 10:18:32 PAGE 2   

  54          *  mode: Desired drive mode.
  55          *
  56          * Return: 
  57          *  None
  58          *
  59          *******************************************************************************/
  60          void CapSense_SetAllCmodsDriveMode(uint8 mode) 
  61          {
  62   1         /* Set pins drive mode */
  63   1          CyPins_SetPinDriveMode(CapSense_CmodCH0_Cmod_CH0, mode);
  64   1      
  65   1      }
  66          
  67          
  68          #if (CapSense_CURRENT_SOURCE == CapSense_EXTERNAL_RB)
                  /*******************************************************************************
                  * Function Name: CapSense_SetAllRbsDriveMode
                  ********************************************************************************
                  *
                  * Summary:
                  *  Sets the drive mode for the all pins used by bleed resistors (Rb) within 
                  *  CapSense component. Only available when Current Source is external resistor.
                  * 
                  * Parameters:  
                  *  mode: Desired drive mode.
                  *
                  * Return: 
                  *  None
                  *
                  *******************************************************************************/
                  void CapSense_SetAllRbsDriveMode(uint8 mode) 
                  {
                      /* Set pins drive mode */
                    
                  }
              #endif  /* End (CapSense_CURRENT_SOURCE == CapSense_EXTERNAL_RB) */
  90          
  91          
  92          /* [] END OF FILE */
C51 COMPILER V9.03   CAPSENSE_PINS                                                         08/28/2015 10:18:32 PAGE 3   

ASSEMBLY LISTING OF GENERATED OBJECT CODE


             ; FUNCTION _CapSense_SetAllSensorsDriveMode (BEGIN)
                                           ; SOURCE LINE # 35
0000 900000      R     MOV     DPTR,#mode
0003 EF                MOV     A,R7
0004 F0                MOVX    @DPTR,A
                                           ; SOURCE LINE # 36
                                           ; SOURCE LINE # 38
0005 900000      R     MOV     DPTR,#mode
0008 E0                MOVX    A,@DPTR
0009 FF                MOV     R7,A
000A EF                MOV     A,R7
000B 540E              ANL     A,#0EH
000D FF                MOV     R7,A
000E 905006            MOV     DPTR,#05006H
0011 E0                MOVX    A,@DPTR
0012 FE                MOV     R6,A
0013 EE                MOV     A,R6
0014 54F1              ANL     A,#0F1H
0016 FE                MOV     R6,A
0017 EE                MOV     A,R6
0018 4F                ORL     A,R7
0019 FF                MOV     R7,A
001A 905006            MOV     DPTR,#05006H
001D EF                MOV     A,R7
001E F0                MOVX    @DPTR,A
                                           ; SOURCE LINE # 39
001F 900000      R     MOV     DPTR,#mode
0022 E0                MOVX    A,@DPTR
0023 FF                MOV     R7,A
0024 EF                MOV     A,R7
0025 540E              ANL     A,#0EH
0027 FF                MOV     R7,A
0028 905005            MOV     DPTR,#05005H
002B E0                MOVX    A,@DPTR
002C FE                MOV     R6,A
002D EE                MOV     A,R6
002E 54F1              ANL     A,#0F1H
0030 FE                MOV     R6,A
0031 EE                MOV     A,R6
0032 4F                ORL     A,R7
0033 FF                MOV     R7,A
0034 905005            MOV     DPTR,#05005H
0037 EF                MOV     A,R7
0038 F0                MOVX    @DPTR,A
                                           ; SOURCE LINE # 41
0039 22                RET     
             ; FUNCTION _CapSense_SetAllSensorsDriveMode (END)

             ; FUNCTION _CapSense_SetAllCmodsDriveMode (BEGIN)
                                           ; SOURCE LINE # 60
0000 900000      R     MOV     DPTR,#mode
0003 EF                MOV     A,R7
0004 F0                MOVX    @DPTR,A
                                           ; SOURCE LINE # 61
                                           ; SOURCE LINE # 63
0005 900000      R     MOV     DPTR,#mode
0008 E0                MOVX    A,@DPTR
0009 FF                MOV     R7,A
000A EF                MOV     A,R7
C51 COMPILER V9.03   CAPSENSE_PINS                                                         08/28/2015 10:18:32 PAGE 4   

000B 540E              ANL     A,#0EH
000D FF                MOV     R7,A
000E 905017            MOV     DPTR,#05017H
0011 E0                MOVX    A,@DPTR
0012 FE                MOV     R6,A
0013 EE                MOV     A,R6
0014 54F1              ANL     A,#0F1H
0016 FE                MOV     R6,A
0017 EE                MOV     A,R6
0018 4F                ORL     A,R7
0019 FF                MOV     R7,A
001A 905017            MOV     DPTR,#05017H
001D EF                MOV     A,R7
001E F0                MOVX    @DPTR,A
                                           ; SOURCE LINE # 65
001F 22                RET     
             ; FUNCTION _CapSense_SetAllCmodsDriveMode (END)



MODULE INFORMATION:   STATIC OVERLAYABLE
   CODE SIZE        =     90    ----
   CONSTANT SIZE    =   ----    ----
   XDATA SIZE       =   ----       2
   PDATA SIZE       =   ----    ----
   DATA SIZE        =   ----    ----
   IDATA SIZE       =   ----    ----
   BIT SIZE         =   ----    ----
   EDATA SIZE       =   ----    ----
   HDATA SIZE       =   ----    ----
   XDATA CONST SIZE =   ----    ----
   FAR CONST SIZE   =   ----    ----
END OF MODULE INFORMATION.


C51 COMPILATION COMPLETE.  0 WARNING(S),  0 ERROR(S)
