C51 COMPILER V9.03   OPAMP_1_PM                                                            08/27/2015 20:49:15 PAGE 1   


C51 COMPILER V9.03, COMPILATION OF MODULE OPAMP_1_PM
OBJECT MODULE PLACED IN .\DP8051\DP8051_Keil_903\Debug\Opamp_1_PM.obj
COMPILER INVOKED BY: C:\Program Files (x86)\Cypress\PSoC Creator\2.0\PSoC Creator\import\keil\pk51\9.03\C51\BIN\c51.exe 
                    -.\Generated_Source\PSoC3\Opamp_1_PM.c NOIV LARGE MODDP2 OMF2 VB(1) PR(.\DP8051\DP8051_Keil_903\Debug\Opamp_1_PM.lst) CD 
                    -DB NOIP OT(2,SIZE) INCDIR(Generated_Source\PSoC3) OJ(.\DP8051\DP8051_Keil_903\Debug\Opamp_1_PM.obj)

line level    source

   1          /*******************************************************************************
   2          * File Name: Opamp_1_PM.c
   3          * Version 1.70
   4          *
   5          * Description:
   6          *  This file provides the power management source code to the API for the 
   7          *  OpAmp (Analog Buffer) component.
   8          *
   9          * Note:
  10          *
  11          *******************************************************************************
  12          * Copyright 2008-2011, Cypress Semiconductor Corporation.  All rights reserved.
  13          * You may use this file only in accordance with the license, terms, conditions, 
  14          * disclaimers, and limitations in the end user license agreement accompanying 
  15          * the software package with which this file was provided.
  16          *******************************************************************************/
  17          
  18          #include "Opamp_1.h"
  19          
  20          static Opamp_1_BACKUP_STRUCT  Opamp_1_backup;
  21          
  22          
  23          /*******************************************************************************  
  24          * Function Name: Opamp_1_SaveConfig
  25          ********************************************************************************
  26          *
  27          * Summary:
  28          *  Saves the current user configuration registers.
  29          * 
  30          * Parameters:
  31          *  void
  32          * 
  33          * Return:
  34          *  void
  35          *
  36          * Reentrant:
  37          *  No
  38          *
  39          *******************************************************************************/
  40          void Opamp_1_SaveConfig(void)
  41          {
  42   1          /* Nothing to save as registers are System reset on retention flops */
  43   1      }
  44          
  45          
  46          /*******************************************************************************  
  47          * Function Name: Opamp_1_RestoreConfig
  48          ********************************************************************************
  49          *
  50          * Summary:
  51          *  Restores the current user configuration registers.
  52          * 
  53          * Parameters:
C51 COMPILER V9.03   OPAMP_1_PM                                                            08/27/2015 20:49:15 PAGE 2   

  54          *  void
  55          * 
  56          * Return:
  57          *  void
  58          *
  59          * Reentrant:
  60          *  No
  61          *
  62          *******************************************************************************/
  63          void Opamp_1_RestoreConfig(void)
  64          {
  65   1          /* Nothing to restore */
  66   1      }
  67          
  68          
  69          /*******************************************************************************   
  70          * Function Name: Opamp_1_Sleep
  71          ********************************************************************************
  72          *
  73          * Summary:
  74          *  Disables block's operation and saves its configuration. Should be called 
  75          *  just prior to entering sleep.
  76          *
  77          * Parameters:
  78          *  void
  79          *
  80          * Return:
  81          *  void
  82          *
  83          * Global variables:
  84          *  Opamp_1_backup:  The structure field 'enableState' is modified 
  85          *  depending on the enable state of the block before entering to sleep mode.
  86          *
  87          * Reentrant:
  88          *  No
  89          *
  90          *******************************************************************************/
  91          void Opamp_1_Sleep(void)
  92          {
  93   1          /* Save OpAmp enable state */
  94   1          if(Opamp_1_ACT_PWR_EN == (Opamp_1_PM_ACT_CFG_REG & Opamp_1_ACT_PWR_EN))
  95   1          {
  96   2              /* Component is enabled */
  97   2              Opamp_1_backup.enableState = 1u;
  98   2          }
  99   1          else
 100   1          {
 101   2              /* Component is disabled */
 102   2              Opamp_1_backup.enableState = 0u;
 103   2          }
 104   1          /* Stops the component */
 105   1          Opamp_1_Stop();
 106   1      
 107   1          /* Saves the configuration */
 108   1          Opamp_1_SaveConfig();
 109   1      }
 110          
 111          
 112          /*******************************************************************************  
 113          * Function Name: Opamp_1_Wakeup
 114          ********************************************************************************
 115          *
C51 COMPILER V9.03   OPAMP_1_PM                                                            08/27/2015 20:49:15 PAGE 3   

 116          * Summary:
 117          *  Enables block's operation and restores its configuration. Should be called
 118          *  just after awaking from sleep.
 119          *
 120          * Parameters:
 121          *  void
 122          *
 123          * Return:
 124          *  void
 125          *
 126          * Global variables:
 127          *  Opamp_1_backup:  The structure field 'enableState' is used to 
 128          *  restore the enable state of block after wakeup from sleep mode.
 129          * 
 130          * Reentrant:
 131          *  No
 132          *
 133          *******************************************************************************/
 134          void Opamp_1_Wakeup(void) 
 135          {
 136   1          /* Restore the user configuration */
 137   1          Opamp_1_RestoreConfig();
 138   1      
 139   1          /* Enable's the component operation */
 140   1          if(Opamp_1_backup.enableState == 1u)
 141   1          {
 142   2              Opamp_1_Enable();
 143   2          } /* Do nothing if component was disable before */
 144   1      }
 145          
 146          
 147          /* [] END OF FILE */
C51 COMPILER V9.03   OPAMP_1_PM                                                            08/27/2015 20:49:15 PAGE 4   

ASSEMBLY LISTING OF GENERATED OBJECT CODE


             ; FUNCTION Opamp_1_SaveConfig (BEGIN)
                                           ; SOURCE LINE # 40
                                           ; SOURCE LINE # 41
                                           ; SOURCE LINE # 43
0000 22                RET     
             ; FUNCTION Opamp_1_SaveConfig (END)

             ; FUNCTION Opamp_1_RestoreConfig (BEGIN)
                                           ; SOURCE LINE # 63
                                           ; SOURCE LINE # 64
                                           ; SOURCE LINE # 66
0000 22                RET     
             ; FUNCTION Opamp_1_RestoreConfig (END)

             ; FUNCTION Opamp_1_Sleep (BEGIN)
                                           ; SOURCE LINE # 91
                                           ; SOURCE LINE # 92
                                           ; SOURCE LINE # 94
0000 9043A4            MOV     DPTR,#043A4H
0003 E0                MOVX    A,@DPTR
0004 FF                MOV     R7,A
0005 EF                MOV     A,R7
0006 5404              ANL     A,#04H
0008 FF                MOV     R7,A
0009 7E00              MOV     R6,#00H
000B EF                MOV     A,R7
000C 6404              XRL     A,#04H
000E 4E                ORL     A,R6
000F 7008              JNZ     ?C0003
                                           ; SOURCE LINE # 95
                                           ; SOURCE LINE # 97
0011 900000      R     MOV     DPTR,#Opamp_1_backup
0014 7401              MOV     A,#01H
0016 F0                MOVX    @DPTR,A
                                           ; SOURCE LINE # 98
0017 8005              SJMP    ?C0004
0019         ?C0003:
                                           ; SOURCE LINE # 100
                                           ; SOURCE LINE # 102
0019 900000      R     MOV     DPTR,#Opamp_1_backup
001C E4                CLR     A
001D F0                MOVX    @DPTR,A
                                           ; SOURCE LINE # 103
001E         ?C0004:
                                           ; SOURCE LINE # 105
001E 120000      E     LCALL   Opamp_1_Stop
                                           ; SOURCE LINE # 108
0021 120000      R     LCALL   Opamp_1_SaveConfig
                                           ; SOURCE LINE # 109
0024 22                RET     
             ; FUNCTION Opamp_1_Sleep (END)

             ; FUNCTION Opamp_1_Wakeup (BEGIN)
                                           ; SOURCE LINE # 134
                                           ; SOURCE LINE # 135
                                           ; SOURCE LINE # 137
0000 120000      R     LCALL   Opamp_1_RestoreConfig
                                           ; SOURCE LINE # 140
0003 900000      R     MOV     DPTR,#Opamp_1_backup
C51 COMPILER V9.03   OPAMP_1_PM                                                            08/27/2015 20:49:15 PAGE 5   

0006 E0                MOVX    A,@DPTR
0007 FF                MOV     R7,A
0008 EF                MOV     A,R7
0009 B40103            CJNE    A,#01H,?C0007
                                           ; SOURCE LINE # 141
                                           ; SOURCE LINE # 142
000C 120000      E     LCALL   Opamp_1_Enable
                                           ; SOURCE LINE # 143
                                           ; SOURCE LINE # 144
000F         ?C0007:
000F 22                RET     
             ; FUNCTION Opamp_1_Wakeup (END)



MODULE INFORMATION:   STATIC OVERLAYABLE
   CODE SIZE        =     55    ----
   CONSTANT SIZE    =   ----    ----
   XDATA SIZE       =      1    ----
   PDATA SIZE       =   ----    ----
   DATA SIZE        =   ----    ----
   IDATA SIZE       =   ----    ----
   BIT SIZE         =   ----    ----
   EDATA SIZE       =   ----    ----
   HDATA SIZE       =   ----    ----
   XDATA CONST SIZE =   ----    ----
   FAR CONST SIZE   =   ----    ----
END OF MODULE INFORMATION.


C51 COMPILATION COMPLETE.  0 WARNING(S),  0 ERROR(S)
